app/build/outputs/logs/manifest-merger-debug-report.txt
-- Merging decision tree log ---
provider#android.support.v4.content.FileProvider
INJECTED from src\main\AndroidManifest.xml:59:9-67:20
	android:grantUriPermissions
		ADDED from src\main\AndroidManifest.xml:63:13-47
	android:authorities
		INJECTED from src\main\AndroidManifest.xml
		ADDED from src\main\AndroidManifest.xml:61:13-64
	android:exported
		ADDED from src\main\AndroidManifest.xml:62:13-37
	android:name
		ADDED from src\main\AndroidManifest.xml:60:13-67
manifest
ADDED from src\main\AndroidManifest.xml:2:1-74:12
INJECTED from src\main\AndroidManifest.xml:2:1-74:12
INJECTED from src\main\AndroidManifest.xml:2:1-74:12
INJECTED from src\main\AndroidManifest.xml:2:1-74:12
MERGED from [io.realm:realm-android-library:3.1.1] AndroidManifest.xml:2:1-11:12
MERGED from [com.github.moduth:blockcanary-android:1.2.1] AndroidManifest.xml:2:1-27:12
MERGED from [com.squareup.leakcanary:leakcanary-android:1.4-beta2] AndroidManifest.xml:17:1-59:12
MERGED from [:imagepicker] AndroidManifest.xml:2:1-17:12
MERGED from [com.android.support:multidex:1.0.2] AndroidManifest.xml:17:1-22:12
MERGED from [com.miguelcatalan:materialsearchview:1.4.0] AndroidManifest.xml:2:1-13:12
MERGED from [net.opacapp:multiline-collapsingtoolbar:1.3.1] AndroidManifest.xml:2:1-11:12
MERGED from [com.android.support:design:25.1.0] AndroidManifest.xml:17:1-27:12
MERGED from [com.android.support:appcompat-v7:25.1.0] AndroidManifest.xml:17:1-27:12
MERGED from [com.android.support:cardview-v7:27.1.1] AndroidManifest.xml:17:1-22:12
MERGED from [com.prolificinteractive:material-calendarview:1.4.0] AndroidManifest.xml:2:1-14:12
MERGED from [com.github.chrisbanes:PhotoView:1.3.0] AndroidManifest.xml:2:1-12:12
MERGED from [jp.wasabeef:glide-transformations:1.2.1] AndroidManifest.xml:2:1-12:12
MERGED from [org.sufficientlysecure:html-textview:3.1] AndroidManifest.xml:2:1-13:12
MERGED from [io.reactivex.rxjava2:rxandroid:2.0.1] AndroidManifest.xml:15:1-21:12
MERGED from [com.tbruyelle.rxpermissions2:rxpermissions:0.9.3] AndroidManifest.xml:2:1-13:12
MERGED from [com.github.bumptech.glide:okhttp3-integration:1.4.0] AndroidManifest.xml:2:1-17:12
MERGED from [com.jakewharton:butterknife:8.8.1] AndroidManifest.xml:2:1-7:12
MERGED from [com.orhanobut:logger:1.15] AndroidManifest.xml:2:1-8:12
MERGED from [me.yokeyword:fragmentation:0.7.9] AndroidManifest.xml:2:1-14:12
MERGED from [com.tencent.bugly:crashreport:3.0.0] AndroidManifest.xml:2:1-9:12
MERGED from [com.pgyersdk:sdk:2.8.1] AndroidManifest.xml:2:1-16:12
MERGED from [com.gyf.immersionbar:immersionbar:3.0.0-beta03] AndroidManifest.xml:2:1-9:12
MERGED from [com.gyf.immersionbar:immersionbar-components:3.0.0-beta03] AndroidManifest.xml:2:1-9:12
MERGED from [com.getkeepsafe.relinker:relinker:1.2.2] AndroidManifest.xml:2:1-9:12
MERGED from [com.github.moduth:blockcanary-core:1.2.1] AndroidManifest.xml:2:1-18:12
MERGED from [com.android.support:transition:25.1.0] AndroidManifest.xml:17:1-24:12
MERGED from [com.android.support:support-v4:25.1.0] AndroidManifest.xml:17:1-27:12
MERGED from [com.android.support:support-fragment:25.1.0] AndroidManifest.xml:17:1-27:12
MERGED from [com.android.support:support-media-compat:25.1.0] AndroidManifest.xml:17:1-27:12
MERGED from [com.android.support:support-core-utils:25.1.0] AndroidManifest.xml:17:1-27:12
MERGED from [com.android.support:recyclerview-v7:25.1.0] AndroidManifest.xml:17:1-22:12
MERGED from [com.android.support:support-core-ui:25.1.0] AndroidManifest.xml:17:1-27:12
MERGED from [com.android.support:animated-vector-drawable:25.1.0] AndroidManifest.xml:17:1-24:12
MERGED from [com.android.support:support-vector-drawable:25.1.0] AndroidManifest.xml:17:1-25:12
MERGED from [com.android.support:support-compat:25.3.0] AndroidManifest.xml:17:1-31:12
INJECTED from src\main\AndroidManifest.xml:2:1-74:12
INJECTED from src\main\AndroidManifest.xml:2:1-74:12
INJECTED from src\main\AndroidManifest.xml:2:1-74:12
	package
		ADDED from src\main\AndroidManifest.xml:3:5-29
		INJECTED from src\main\AndroidManifest.xml
		INJECTED from src\main\AndroidManifest.xml
	android:versionName
		INJECTED from src\main\AndroidManifest.xml
		ADDED from src\main\AndroidManifest.xml:2:1-74:12
		INJECTED from src\main\AndroidManifest.xml
	android:versionCode
		INJECTED from src\main\AndroidManifest.xml
		ADDED from src\main\AndroidManifest.xml:2:1-74:12
		INJECTED from src\main\AndroidManifest.xml
	xmlns:android
		ADDED from src\main\AndroidManifest.xml:2:11-69
uses-permission#android.permission.WRITE_EXTERNAL_STORAGE
ADDED from src\main\AndroidManifest.xml:5:5-81
MERGED from [com.squareup.leakcanary:leakcanary-android:1.4-beta2] AndroidManifest.xml:26:5-81
MERGED from [com.squareup.leakcanary:leakcanary-android:1.4-beta2] AndroidManifest.xml:26:5-81
MERGED from [com.github.moduth:blockcanary-core:1.2.1] AndroidManifest.xml:12:5-81
MERGED from [com.github.moduth:blockcanary-core:1.2.1] AndroidManifest.xml:12:5-81
	android:name
		ADDED from src\main\AndroidManifest.xml:5:22-78
uses-permission#android.permission.ACCESS_NETWORK_STATE
ADDED from src\main\AndroidManifest.xml:6:5-79
	android:name
		ADDED from src\main\AndroidManifest.xml:6:22-76
uses-permission#android.permission.ACCESS_WIFI_STATE
ADDED from src\main\AndroidManifest.xml:7:5-76
MERGED from [com.pgyersdk:sdk:2.8.1] AndroidManifest.xml:10:5-76
MERGED from [com.pgyersdk:sdk:2.8.1] AndroidManifest.xml:10:5-76
	android:name
		ADDED from src\main\AndroidManifest.xml:7:22-73
uses-permission#android.permission.INTERNET
ADDED from src\main\AndroidManifest.xml:8:5-67
	android:name
		ADDED from src\main\AndroidManifest.xml:8:22-64
uses-permission#android.permission.READ_PHONE_STATE
ADDED from src\main\AndroidManifest.xml:9:5-75
MERGED from [com.pgyersdk:sdk:2.8.1] AndroidManifest.xml:11:5-75
MERGED from [com.pgyersdk:sdk:2.8.1] AndroidManifest.xml:11:5-75
MERGED from [com.github.moduth:blockcanary-core:1.2.1] AndroidManifest.xml:13:5-75
MERGED from [com.github.moduth:blockcanary-core:1.2.1] AndroidManifest.xml:13:5-75
	android:name
		ADDED from src\main\AndroidManifest.xml:9:22-72
uses-permission#android.permission.READ_LOGS
ADDED from src\main\AndroidManifest.xml:10:5-68
	android:name
		ADDED from src\main\AndroidManifest.xml:10:22-65
uses-permission#android.permission.RECORD_AUDIO
ADDED from src\main\AndroidManifest.xml:18:5-71
	android:name
		ADDED from src\main\AndroidManifest.xml:18:22-68
uses-permission#android.permission.GET_TASKS
ADDED from src\main\AndroidManifest.xml:19:5-68
	android:name
		ADDED from src\main\AndroidManifest.xml:19:22-65
application
ADDED from src\main\AndroidManifest.xml:22:5-72:19
MERGED from [com.github.moduth:blockcanary-android:1.2.1] AndroidManifest.xml:11:5-25:19
MERGED from [com.github.moduth:blockcanary-android:1.2.1] AndroidManifest.xml:11:5-25:19
MERGED from [com.squareup.leakcanary:leakcanary-android:1.4-beta2] AndroidManifest.xml:28:5-57:19
MERGED from [com.squareup.leakcanary:leakcanary-android:1.4-beta2] AndroidManifest.xml:28:5-57:19
MERGED from [:imagepicker] AndroidManifest.xml:11:5-15:19
MERGED from [:imagepicker] AndroidManifest.xml:11:5-15:19
MERGED from [com.miguelcatalan:materialsearchview:1.4.0] AndroidManifest.xml:11:5-20
MERGED from [com.miguelcatalan:materialsearchview:1.4.0] AndroidManifest.xml:11:5-20
MERGED from [com.android.support:design:25.1.0] AndroidManifest.xml:25:5-20
MERGED from [com.android.support:design:25.1.0] AndroidManifest.xml:25:5-20
MERGED from [com.android.support:appcompat-v7:25.1.0] AndroidManifest.xml:25:5-20
MERGED from [com.android.support:appcompat-v7:25.1.0] AndroidManifest.xml:25:5-20
MERGED from [com.prolificinteractive:material-calendarview:1.4.0] AndroidManifest.xml:12:5-20
MERGED from [com.prolificinteractive:material-calendarview:1.4.0] AndroidManifest.xml:12:5-20
MERGED from [org.sufficientlysecure:html-textview:3.1] AndroidManifest.xml:11:5-20
MERGED from [org.sufficientlysecure:html-textview:3.1] AndroidManifest.xml:11:5-20
MERGED from [com.tbruyelle.rxpermissions2:rxpermissions:0.9.3] AndroidManifest.xml:11:5-20
MERGED from [com.tbruyelle.rxpermissions2:rxpermissions:0.9.3] AndroidManifest.xml:11:5-20
MERGED from [com.github.bumptech.glide:okhttp3-integration:1.4.0] AndroidManifest.xml:11:5-15:19
MERGED from [com.github.bumptech.glide:okhttp3-integration:1.4.0] AndroidManifest.xml:11:5-15:19
MERGED from [me.yokeyword:fragmentation:0.7.9] AndroidManifest.xml:9:5-12:19
MERGED from [me.yokeyword:fragmentation:0.7.9] AndroidManifest.xml:9:5-12:19
MERGED from [com.pgyersdk:sdk:2.8.1] AndroidManifest.xml:13:5-14:19
MERGED from [com.pgyersdk:sdk:2.8.1] AndroidManifest.xml:13:5-14:19
MERGED from [com.github.moduth:blockcanary-core:1.2.1] AndroidManifest.xml:15:5-16:19
MERGED from [com.github.moduth:blockcanary-core:1.2.1] AndroidManifest.xml:15:5-16:19
MERGED from [com.android.support:transition:25.1.0] AndroidManifest.xml:22:5-20
MERGED from [com.android.support:transition:25.1.0] AndroidManifest.xml:22:5-20
MERGED from [com.android.support:support-v4:25.1.0] AndroidManifest.xml:25:5-20
MERGED from [com.android.support:support-v4:25.1.0] AndroidManifest.xml:25:5-20
MERGED from [com.android.support:support-fragment:25.1.0] AndroidManifest.xml:25:5-20
MERGED from [com.android.support:support-fragment:25.1.0] AndroidManifest.xml:25:5-20
MERGED from [com.android.support:support-media-compat:25.1.0] AndroidManifest.xml:25:5-20
MERGED from [com.android.support:support-media-compat:25.1.0] AndroidManifest.xml:25:5-20
MERGED from [com.android.support:support-core-utils:25.1.0] AndroidManifest.xml:25:5-20
MERGED from [com.android.support:support-core-utils:25.1.0] AndroidManifest.xml:25:5-20
MERGED from [com.android.support:support-core-ui:25.1.0] AndroidManifest.xml:25:5-20
MERGED from [com.android.support:support-core-ui:25.1.0] AndroidManifest.xml:25:5-20
MERGED from [com.android.support:animated-vector-drawable:25.1.0] AndroidManifest.xml:22:5-20
MERGED from [com.android.support:animated-vector-drawable:25.1.0] AndroidManifest.xml:22:5-20
MERGED from [com.android.support:support-vector-drawable:25.1.0] AndroidManifest.xml:23:5-20
MERGED from [com.android.support:support-vector-drawable:25.1.0] AndroidManifest.xml:23:5-20
MERGED from [com.android.support:support-compat:25.3.0] AndroidManifest.xml:29:5-20
MERGED from [com.android.support:support-compat:25.3.0] AndroidManifest.xml:29:5-20
	android:supportsRtl
		ADDED from src\main\AndroidManifest.xml:27:9-35
	android:label
		ADDED from src\main\AndroidManifest.xml:26:9-41
	android:icon
		ADDED from src\main\AndroidManifest.xml:25:9-37
	android:allowBackup
		ADDED from src\main\AndroidManifest.xml:24:9-35
	android:theme
		ADDED from src\main\AndroidManifest.xml:28:9-40
	android:name
		ADDED from src\main\AndroidManifest.xml:23:9-46
activity#com.yijiu.e520.ui.WelcomeActivity
ADDED from src\main\AndroidManifest.xml:30:9-38:20
	android:screenOrientation
		ADDED from src\main\AndroidManifest.xml:32:13-49
	android:name
		ADDED from src\main\AndroidManifest.xml:31:13-61
intent-filter#action:name:android.intent.action.MAIN+category:name:android.intent.category.LAUNCHER
ADDED from src\main\AndroidManifest.xml:33:13-37:29
action#android.intent.action.MAIN
ADDED from src\main\AndroidManifest.xml:34:17-69
	android:name
		ADDED from src\main\AndroidManifest.xml:34:25-66
category#android.intent.category.LAUNCHER
ADDED from src\main\AndroidManifest.xml:36:17-77
	android:name
		ADDED from src\main\AndroidManifest.xml:36:27-74
activity#com.yijiu.e520.ui.login.LoginActivity
ADDED from src\main\AndroidManifest.xml:41:9-46:20
	android:screenOrientation
		ADDED from src\main\AndroidManifest.xml:44:13-49
	android:launchMode
		ADDED from src\main\AndroidManifest.xml:43:13-43
	android:name
		ADDED from src\main\AndroidManifest.xml:42:13-65
activity#com.yijiu.e520.ui.main.MainActivity
ADDED from src\main\AndroidManifest.xml:48:9-51:86
	android:launchMode
		ADDED from src\main\AndroidManifest.xml:50:13-44
	android:windowSoftInputMode
		ADDED from src\main\AndroidManifest.xml:51:13-74
	android:name
		ADDED from src\main\AndroidManifest.xml:49:13-63
activity#com.pgyersdk.activity.FeedbackActivity
ADDED from src\main\AndroidManifest.xml:54:9-75
	android:name
		ADDED from src\main\AndroidManifest.xml:54:19-72
activity#com.zzti.fengyongge.imagepicker.PhotoSelectorActivity
ADDED from src\main\AndroidManifest.xml:55:9-90
	android:name
		ADDED from src\main\AndroidManifest.xml:55:19-87
activity#com.zzti.fengyongge.imagepicker.PhotoPreviewActivity
ADDED from src\main\AndroidManifest.xml:57:9-89
	android:name
		ADDED from src\main\AndroidManifest.xml:57:19-86
meta-data#PGYER_APPID
ADDED from src\main\AndroidManifest.xml:69:9-71:74
	android:value
		ADDED from src\main\AndroidManifest.xml:71:13-61
	android:name
		ADDED from src\main\AndroidManifest.xml:70:13-39
uses-sdk
INJECTED from src\main\AndroidManifest.xml reason: use-sdk injection requested
INJECTED from src\main\AndroidManifest.xml
INJECTED from src\main\AndroidManifest.xml
MERGED from [io.realm:realm-android-library:3.1.1] AndroidManifest.xml:7:5-9:41
MERGED from [io.realm:realm-android-library:3.1.1] AndroidManifest.xml:7:5-9:41
MERGED from [com.github.moduth:blockcanary-android:1.2.1] AndroidManifest.xml:7:5-9:41
MERGED from [com.github.moduth:blockcanary-android:1.2.1] AndroidManifest.xml:7:5-9:41
MERGED from [com.squareup.leakcanary:leakcanary-android:1.4-beta2] AndroidManifest.xml:20:5-22:41
MERGED from [com.squareup.leakcanary:leakcanary-android:1.4-beta2] AndroidManifest.xml:20:5-22:41
MERGED from [:imagepicker] AndroidManifest.xml:7:5-9:41
MERGED from [:imagepicker] AndroidManifest.xml:7:5-9:41
MERGED from [com.android.support:multidex:1.0.2] AndroidManifest.xml:20:5-43
MERGED from [com.android.support:multidex:1.0.2] AndroidManifest.xml:20:5-43
MERGED from [com.miguelcatalan:materialsearchview:1.4.0] AndroidManifest.xml:7:5-9:41
MERGED from [com.miguelcatalan:materialsearchview:1.4.0] AndroidManifest.xml:7:5-9:41
MERGED from [net.opacapp:multiline-collapsingtoolbar:1.3.1] AndroidManifest.xml:7:5-9:41
MERGED from [net.opacapp:multiline-collapsingtoolbar:1.3.1] AndroidManifest.xml:7:5-9:41
MERGED from [com.android.support:design:25.1.0] AndroidManifest.xml:21:5-23:62
MERGED from [com.android.support:design:25.1.0] AndroidManifest.xml:21:5-23:62
MERGED from [com.android.support:appcompat-v7:25.1.0] AndroidManifest.xml:21:5-23:78
MERGED from [com.android.support:appcompat-v7:25.1.0] AndroidManifest.xml:21:5-23:78
MERGED from [com.android.support:cardview-v7:27.1.1] AndroidManifest.xml:20:5-44
MERGED from [com.android.support:cardview-v7:27.1.1] AndroidManifest.xml:20:5-44
MERGED from [com.prolificinteractive:material-calendarview:1.4.0] AndroidManifest.xml:8:5-10:41
MERGED from [com.prolificinteractive:material-calendarview:1.4.0] AndroidManifest.xml:8:5-10:41
MERGED from [com.github.chrisbanes:PhotoView:1.3.0] AndroidManifest.xml:8:5-10:41
MERGED from [com.github.chrisbanes:PhotoView:1.3.0] AndroidManifest.xml:8:5-10:41
MERGED from [jp.wasabeef:glide-transformations:1.2.1] AndroidManifest.xml:8:5-10:41
MERGED from [jp.wasabeef:glide-transformations:1.2.1] AndroidManifest.xml:8:5-10:41
MERGED from [org.sufficientlysecure:html-textview:3.1] AndroidManifest.xml:7:5-9:41
MERGED from [org.sufficientlysecure:html-textview:3.1] AndroidManifest.xml:7:5-9:41
MERGED from [io.reactivex.rxjava2:rxandroid:2.0.1] AndroidManifest.xml:19:5-43
MERGED from [io.reactivex.rxjava2:rxandroid:2.0.1] AndroidManifest.xml:19:5-43
MERGED from [com.tbruyelle.rxpermissions2:rxpermissions:0.9.3] AndroidManifest.xml:7:5-9:41
MERGED from [com.tbruyelle.rxpermissions2:rxpermissions:0.9.3] AndroidManifest.xml:7:5-9:41
MERGED from [com.github.bumptech.glide:okhttp3-integration:1.4.0] AndroidManifest.xml:7:5-9:41
MERGED from [com.github.bumptech.glide:okhttp3-integration:1.4.0] AndroidManifest.xml:7:5-9:41
MERGED from [com.jakewharton:butterknife:8.8.1] AndroidManifest.xml:5:5-43
MERGED from [com.jakewharton:butterknife:8.8.1] AndroidManifest.xml:5:5-43
MERGED from [com.orhanobut:logger:1.15] AndroidManifest.xml:6:5-43
MERGED from [com.orhanobut:logger:1.15] AndroidManifest.xml:6:5-43
MERGED from [me.yokeyword:fragmentation:0.7.9] AndroidManifest.xml:5:5-7:41
MERGED from [me.yokeyword:fragmentation:0.7.9] AndroidManifest.xml:5:5-7:41
MERGED from [com.tencent.bugly:crashreport:3.0.0] AndroidManifest.xml:5:5-7:41
MERGED from [com.tencent.bugly:crashreport:3.0.0] AndroidManifest.xml:5:5-7:41
MERGED from [com.pgyersdk:sdk:2.8.1] AndroidManifest.xml:6:5-8:41
MERGED from [com.pgyersdk:sdk:2.8.1] AndroidManifest.xml:6:5-8:41
MERGED from [com.gyf.immersionbar:immersionbar:3.0.0-beta03] AndroidManifest.xml:5:5-7:41
MERGED from [com.gyf.immersionbar:immersionbar:3.0.0-beta03] AndroidManifest.xml:5:5-7:41
MERGED from [com.gyf.immersionbar:immersionbar-components:3.0.0-beta03] AndroidManifest.xml:5:5-7:41
MERGED from [com.gyf.immersionbar:immersionbar-components:3.0.0-beta03] AndroidManifest.xml:5:5-7:41
MERGED from [com.getkeepsafe.relinker:relinker:1.2.2] AndroidManifest.xml:7:5-43
MERGED from [com.getkeepsafe.relinker:relinker:1.2.2] AndroidManifest.xml:7:5-43
MERGED from [com.github.moduth:blockcanary-core:1.2.1] AndroidManifest.xml:7:5-9:41
MERGED from [com.github.moduth:blockcanary-core:1.2.1] AndroidManifest.xml:7:5-9:41
MERGED from [com.android.support:transition:25.1.0] AndroidManifest.xml:20:5-44
MERGED from [com.android.support:transition:25.1.0] AndroidManifest.xml:20:5-44
MERGED from [com.android.support:support-v4:25.1.0] AndroidManifest.xml:21:5-23:54
MERGED from [com.android.support:support-v4:25.1.0] AndroidManifest.xml:21:5-23:54
MERGED from [com.android.support:support-fragment:25.1.0] AndroidManifest.xml:21:5-23:60
MERGED from [com.android.support:support-fragment:25.1.0] AndroidManifest.xml:21:5-23:60
MERGED from [com.android.support:support-media-compat:25.1.0] AndroidManifest.xml:21:5-23:63
MERGED from [com.android.support:support-media-compat:25.1.0] AndroidManifest.xml:21:5-23:63
MERGED from [com.android.support:support-core-utils:25.1.0] AndroidManifest.xml:21:5-23:61
MERGED from [com.android.support:support-core-utils:25.1.0] AndroidManifest.xml:21:5-23:61
MERGED from [com.android.support:recyclerview-v7:25.1.0] AndroidManifest.xml:20:5-43
MERGED from [com.android.support:recyclerview-v7:25.1.0] AndroidManifest.xml:20:5-43
MERGED from [com.android.support:support-core-ui:25.1.0] AndroidManifest.xml:21:5-23:58
MERGED from [com.android.support:support-core-ui:25.1.0] AndroidManifest.xml:21:5-23:58
MERGED from [com.android.support:animated-vector-drawable:25.1.0] AndroidManifest.xml:20:5-44
MERGED from [com.android.support:animated-vector-drawable:25.1.0] AndroidManifest.xml:20:5-44
MERGED from [com.android.support:support-vector-drawable:25.1.0] AndroidManifest.xml:21:5-43
MERGED from [com.android.support:support-vector-drawable:25.1.0] AndroidManifest.xml:21:5-43
MERGED from [com.android.support:support-compat:25.3.0] AndroidManifest.xml:21:5-23:58
MERGED from [com.android.support:support-compat:25.3.0] AndroidManifest.xml:21:5-23:58
INJECTED from src\main\AndroidManifest.xml
INJECTED from src\main\AndroidManifest.xml
	tools:overrideLibrary
		ADDED from [com.android.support:design:25.1.0] AndroidManifest.xml:23:9-59
	android:targetSdkVersion
		INJECTED from src\main\AndroidManifest.xml
		ADDED from src\main\AndroidManifest.xml
		INJECTED from src\main\AndroidManifest.xml
	android:minSdkVersion
		INJECTED from src\main\AndroidManifest.xml
		ADDED from src\main\AndroidManifest.xml
		INJECTED from src\main\AndroidManifest.xml
meta-data#android.support.FILE_PROVIDER_PATHS
ADDED from src\main\AndroidManifest.xml:64:13-66:58
	android:resource
		ADDED from src\main\AndroidManifest.xml:66:17-55
	android:name
		ADDED from src\main\AndroidManifest.xml:65:17-67
activity#com.github.moduth.blockcanary.ui.DisplayBlockActivity
ADDED from [com.github.moduth:blockcanary-android:1.2.1] AndroidManifest.xml:12:9-24:20
	android:enabled
		ADDED from [com.github.moduth:blockcanary-android:1.2.1] AndroidManifest.xml:14:13-36
	android:label
		ADDED from [com.github.moduth:blockcanary-android:1.2.1] AndroidManifest.xml:16:13-59
	android:icon
		ADDED from [com.github.moduth:blockcanary-android:1.2.1] AndroidManifest.xml:15:13-55
	android:theme
		ADDED from [com.github.moduth:blockcanary-android:1.2.1] AndroidManifest.xml:18:13-65
	android:taskAffinity
		ADDED from [com.github.moduth:blockcanary-android:1.2.1] AndroidManifest.xml:17:13-65
	android:name
		ADDED from [com.github.moduth:blockcanary-android:1.2.1] AndroidManifest.xml:13:13-81
uses-permission#android.permission.READ_EXTERNAL_STORAGE
ADDED from [com.squareup.leakcanary:leakcanary-android:1.4-beta2] AndroidManifest.xml:25:5-80
	android:name
		ADDED from [com.squareup.leakcanary:leakcanary-android:1.4-beta2] AndroidManifest.xml:25:22-77
service#com.squareup.leakcanary.internal.HeapAnalyzerService
ADDED from [com.squareup.leakcanary:leakcanary-android:1.4-beta2] AndroidManifest.xml:29:9-32:45
	android:process
		ADDED from [com.squareup.leakcanary:leakcanary-android:1.4-beta2] AndroidManifest.xml:32:13-42
	android:enabled
		ADDED from [com.squareup.leakcanary:leakcanary-android:1.4-beta2] AndroidManifest.xml:31:13-36
	android:name
		ADDED from [com.squareup.leakcanary:leakcanary-android:1.4-beta2] AndroidManifest.xml:30:13-80
service#com.squareup.leakcanary.DisplayLeakService
ADDED from [com.squareup.leakcanary:leakcanary-android:1.4-beta2] AndroidManifest.xml:33:9-35:39
	android:enabled
		ADDED from [com.squareup.leakcanary:leakcanary-android:1.4-beta2] AndroidManifest.xml:35:13-36
	android:name
		ADDED from [com.squareup.leakcanary:leakcanary-android:1.4-beta2] AndroidManifest.xml:34:13-70
activity#com.squareup.leakcanary.internal.DisplayLeakActivity
ADDED from [com.squareup.leakcanary:leakcanary-android:1.4-beta2] AndroidManifest.xml:37:9-49:20
	android:enabled
		ADDED from [com.squareup.leakcanary:leakcanary-android:1.4-beta2] AndroidManifest.xml:39:13-36
	android:label
		ADDED from [com.squareup.leakcanary:leakcanary-android:1.4-beta2] AndroidManifest.xml:41:13-71
	android:icon
		ADDED from [com.squareup.leakcanary:leakcanary-android:1.4-beta2] AndroidManifest.xml:40:13-54
	android:theme
		ADDED from [com.squareup.leakcanary:leakcanary-android:1.4-beta2] AndroidManifest.xml:43:13-63
	android:taskAffinity
		ADDED from [com.squareup.leakcanary:leakcanary-android:1.4-beta2] AndroidManifest.xml:42:13-59
	android:name
		ADDED from [com.squareup.leakcanary:leakcanary-android:1.4-beta2] AndroidManifest.xml:38:13-80
activity#com.squareup.leakcanary.internal.RequestStoragePermissionActivity
ADDED from [com.squareup.leakcanary:leakcanary-android:1.4-beta2] AndroidManifest.xml:50:9-56:68
	android:enabled
		ADDED from [com.squareup.leakcanary:leakcanary-android:1.4-beta2] AndroidManifest.xml:52:13-36
	android:label
		ADDED from [com.squareup.leakcanary:leakcanary-android:1.4-beta2] AndroidManifest.xml:54:13-82
	android:icon
		ADDED from [com.squareup.leakcanary:leakcanary-android:1.4-beta2] AndroidManifest.xml:53:13-54
	android:theme
		ADDED from [com.squareup.leakcanary:leakcanary-android:1.4-beta2] AndroidManifest.xml:56:13-65
	android:taskAffinity
		ADDED from [com.squareup.leakcanary:leakcanary-android:1.4-beta2] AndroidManifest.xml:55:13-59
	android:name
		ADDED from [com.squareup.leakcanary:leakcanary-android:1.4-beta2] AndroidManifest.xml:51:13-93
meta-data#com.bumptech.glide.integration.okhttp3.OkHttpGlideModule
ADDED from [com.github.bumptech.glide:okhttp3-integration:1.4.0] AndroidManifest.xml:12:9-14:43
	android:value
		ADDED from [com.github.bumptech.glide:okhttp3-integration:1.4.0] AndroidManifest.xml:14:13-40
	android:name
		ADDED from [com.github.bumptech.glide:okhttp3-integration:1.4.0] AndroidManifest.xml:13:13-84
meta-data#android.support.VERSION
ADDED from [com.android.support:support-compat:25.3.0] AndroidManifest.xml:25:5-27:34
	android:value
		ADDED from [com.android.support:support-compat:25.3.0] AndroidManifest.xml:27:9-31
	android:name
		ADDED from [com.android.support:support-compat:25.3.0] AndroidManifest.xml:26:9-47